00000000 2014-07-17 19:00:32 20762 20762 Error loading /opt/HPCCSystems/plugins/libRembed.so: libR.so: cannot open shared object file: No such file or directory
00000001 2014-07-17 19:00:32 20762 20762 Plugin /opt/HPCCSystems/plugins/libsqlite3embed.so exports getECLPluginDefinition but does not export ECL - not loading
00000002 2014-07-17 19:00:32 20762 20762 Error loading /opt/HPCCSystems/plugins/libv8embed.so: libv8.so.3.7.12.22: cannot open shared object file: No such file or directory
00000003 2014-07-17 19:00:32 20762 20762 Loading plugin /opt/HPCCSystems/plugins/libstringlib.so[lib_stringlib] version = STRINGLIB 1.1.14
00000004 2014-07-17 19:00:32 20762 20762 Loading plugin /opt/HPCCSystems/plugins/libworkunitservices.so[lib_WORKUNITSERVICES] version = WORKUNITSERVICES 1.0.1
00000005 2014-07-17 19:00:32 20762 20762 Plugin /opt/HPCCSystems/plugins/libpyembed.so exports getECLPluginDefinition but does not export ECL - not loading
00000006 2014-07-17 19:00:32 20762 20762 Loading plugin /opt/HPCCSystems/plugins/liblogging.so[lib_logging] version = LOGGING 1.0.1
00000007 2014-07-17 19:00:32 20762 20762 Loading plugin /opt/HPCCSystems/plugins/libdebugservices.so[lib_debugservices] version = DEBUGSERVICES 1.0.1
00000008 2014-07-17 19:00:32 20762 20762 Loading plugin /opt/HPCCSystems/plugins/libunicodelib.so[lib_unicodelib] version = UNICODELIB 1.1.06
00000009 2014-07-17 19:00:32 20762 20762 Error loading /opt/HPCCSystems/plugins/libjavaembed.so: libjvm.so: cannot open shared object file: No such file or directory
0000000A 2014-07-17 19:00:32 20762 20762 Loading plugin /opt/HPCCSystems/plugins/libauditlib.so[lib_auditlib] version = AUDITLIB 1.0.1
0000000B 2014-07-17 19:00:32 20762 20762 Loading plugin /opt/HPCCSystems/plugins/libparselib.so[lib_parselib] version = PARSELIB 1.0.1
0000000C 2014-07-17 19:00:32 20762 20762 Loading plugin /opt/HPCCSystems/plugins/libfileservices.so[lib_fileservices] version = FILESERVICES 2.1.3
0000000D 2014-07-17 19:00:32 20762 20762 Adding library: eclrtl
0000000E 2014-07-17 19:00:32 20762 20762 Adding library: W20140717-190031.res.o
0000000F 2014-07-17 19:00:32 20762 20762 Compiling W20140717-190031
00000010 2014-07-17 19:00:32 20762 20762 Failed to compile W20140717-190031
00000011 2014-07-17 19:00:32 20762 20762 
---------- compiler output --------------
In file included from /usr/include/rapidjson/document.h:4:0,
                 from C:\Users\humphrtl\embedjson\embedjson.ecl:3:
/usr/include/rapidjson/reader.h: In member function 'void rapidjson::GenericReader<SourceEncoding, TargetEncoding, Allocator>::ParseNumber(InputStream&, Handler&)':
/usr/include/rapidjson/reader.h:657:44: error: there are no arguments to 'UINT64_C' that depend on a template parameter, so a declaration of 'UINT64_C' must be available [-fpermissive]
/usr/include/rapidjson/reader.h:657:44: note: (if you use '-fpermissive', G++ will accept your code, but allowing the use of an undeclared name is deprecated)
/usr/include/rapidjson/reader.h:658:45: error: there are no arguments to 'UINT64_C' that depend on a template parameter, so a declaration of 'UINT64_C' must be available [-fpermissive]
/usr/include/rapidjson/reader.h:666:45: error: there are no arguments to 'UINT64_C' that depend on a template parameter, so a declaration of 'UINT64_C' must be available [-fpermissive]
/usr/include/rapidjson/reader.h:667:46: error: there are no arguments to 'UINT64_C' that depend on a template parameter, so a declaration of 'UINT64_C' must be available [-fpermissive]
In file included from C:\Users\humphrtl\embedjson\embedjson.ecl:3:0:
/usr/include/rapidjson/document.h: In constructor 'rapidjson::GenericValue<Encoding, Allocator>::GenericValue(int64_t)':
/usr/include/rapidjson/document.h:418:66: error: there are no arguments to 'UINT64_C' that depend on a template parameter, so a declaration of 'UINT64_C' must be available [-fpermissive]
/usr/include/rapidjson/document.h:420:66: error: there are no arguments to 'UINT64_C' that depend on a template parameter, so a declaration of 'UINT64_C' must be available [-fpermissive]
/usr/include/rapidjson/document.h:423:38: error: there are no arguments to 'INT64_C' that depend on a template parameter, so a declaration of 'INT64_C' must be available [-fpermissive]
/usr/include/rapidjson/document.h: In constructor 'rapidjson::GenericValue<Encoding, Allocator>::GenericValue(uint64_t)':
/usr/include/rapidjson/document.h:430:42: error: there are no arguments to 'UINT64_C' that depend on a template parameter, so a declaration of 'UINT64_C' must be available [-fpermissive]
/usr/include/rapidjson/document.h:432:42: error: there are no arguments to 'UINT64_C' that depend on a template parameter, so a declaration of 'UINT64_C' must be available [-fpermissive]
/usr/include/rapidjson/document.h:434:42: error: there are no arguments to 'UINT64_C' that depend on a template parameter, so a declaration of 'UINT64_C' must be available [-fpermissive]
In file included from /usr/include/rapidjson/document.h:4:0,
                 from C:\Users\humphrtl\embedjson\embedjson.ecl:3:
/usr/include/rapidjson/reader.h: In member function 'void rapidjson::GenericReader<SourceEncoding, TargetEncoding, Allocator>::ParseNumber(InputStream&, Handler&) [with unsigned int parseFlags = 0u, InputStream = rapidjson::GenericStringStream<rapidjson::UTF8<> >, Handler = rapidjson::GenericDocument<rapidjson::UTF8<> >, SourceEncoding = rapidjson::UTF8<>, TargetEncoding = rapidjson::UTF8<>, Allocator = rapidjson::MemoryPoolAllocator<>]':
/usr/include/rapidjson/reader.h:785:14:   instantiated from 'void rapidjson::GenericReader<SourceEncoding, TargetEncoding, Allocator>::ParseValue(InputStream&, Handler&) [with unsigned int parseFlags = 0u, InputStream = rapidjson::GenericStringStream<rapidjson::UTF8<> >, Handler = rapidjson::GenericDocument<rapidjson::UTF8<> >, SourceEncoding = rapidjson::UTF8<>, TargetEncoding = rapidjson::UTF8<>, Allocator = rapidjson::MemoryPoolAllocator<>]'
/usr/include/rapidjson/reader.h:388:4:   instantiated from 'void rapidjson::GenericReader<SourceEncoding, TargetEncoding, Allocator>::ParseObject(InputStream&, Handler&) [with unsigned int parseFlags = 0u, InputStream = rapidjson::GenericStringStream<rapidjson::UTF8<> >, Handler = rapidjson::GenericDocument<rapidjson::UTF8<> >, SourceEncoding = rapidjson::UTF8<>, TargetEncoding = rapidjson::UTF8<>, Allocator = rapidjson::MemoryPoolAllocator<>]'
/usr/include/rapidjson/reader.h:301:15:   instantiated from 'rapidjson::ParseResult rapidjson::GenericReader<SourceEncoding, TargetEncoding, Allocator>::Parse(InputStream&, Handler&) [with unsigned int parseFlags = 0u, InputStream = rapidjson::GenericStringStream<rapidjson::UTF8<> >, Handler = rapidjson::GenericDocument<rapidjson::UTF8<> >, SourceEncoding = rapidjson::UTF8<>, TargetEncoding = rapidjson::UTF8<>, Allocator = rapidjson::MemoryPoolAllocator<>]'
/usr/include/rapidjson/document.h:1231:3:   instantiated from 'rapidjson::GenericDocument<Encoding, Allocator>& rapidjson::GenericDocument<Encoding, Allocator>::ParseStream(InputStream&) [with unsigned int parseFlags = 0u, SourceEncoding = rapidjson::UTF8<>, InputStream = rapidjson::GenericStringStream<rapidjson::UTF8<> >, Encoding = rapidjson::UTF8<>, Allocator = rapidjson::MemoryPoolAllocator<>, rapidjson::GenericDocument<Encoding, Allocator> = rapidjson::GenericDocument<rapidjson::UTF8<> >]'
/usr/include/rapidjson/document.h:1307:51:   instantiated from 'rapidjson::GenericDocument<Encoding, Allocator>& rapidjson::GenericDocument<Encoding, Allocator>::Parse(const Ch*) [with unsigned int parseFlags = 0u, SourceEncoding = rapidjson::UTF8<>, Encoding = rapidjson::UTF8<>, Allocator = rapidjson::MemoryPoolAllocator<>, rapidjson::GenericDocument<Encoding, Allocator> = rapidjson::GenericDocument<rapidjson::UTF8<> >, rapidjson::GenericDocument<Encoding, Allocator>::Ch = char]'
/usr/include/rapidjson/document.h:1316:41:   instantiated from 'rapidjson::GenericDocument<Encoding, Allocator>& rapidjson::GenericDocument<Encoding, Allocator>::Parse(const Ch*) [with unsigned int parseFlags = 0u, Encoding = rapidjson::UTF8<>, Allocator = rapidjson::MemoryPoolAllocator<>, rapidjson::GenericDocument<Encoding, Allocator> = rapidjson::GenericDocument<rapidjson::UTF8<> >, rapidjson::GenericDocument<Encoding, Allocator>::Ch = char]'
C:\Users\humphrtl\embedjson\embedjson.ecl:13:68:   instantiated from here
/usr/include/rapidjson/reader.h:657:6: error: 'UINT64_C' was not declared in this scope
/usr/include/rapidjson/reader.h:666:6: error: 'UINT64_C' was not declared in this scope
In file included from C:\Users\humphrtl\embedjson\embedjson.ecl:3:0:
/usr/include/rapidjson/document.h: In constructor 'rapidjson::GenericValue<Encoding, Allocator>::GenericValue(int64_t) [with Encoding = rapidjson::UTF8<>, Allocator = rapidjson::MemoryPoolAllocator<>, int64_t = long int]':
/usr/include/rapidjson/document.h:1367:26:   instantiated from 'bool rapidjson::GenericDocument<Encoding, Allocator>::Int64(int64_t) [with Encoding = rapidjson::UTF8<>, Allocator = rapidjson::MemoryPoolAllocator<>, int64_t = long int]'
/usr/include/rapidjson/reader.h:760:6:   instantiated from 'void rapidjson::GenericReader<SourceEncoding, TargetEncoding, Allocator>::ParseNumber(InputStream&, Handler&) [with unsigned int parseFlags = 0u, InputStream = rapidjson::GenericStringStream<rapidjson::UTF8<> >, Handler = rapidjson::GenericDocument<rapidjson::UTF8<> >, SourceEncoding = rapidjson::UTF8<>, TargetEncoding = rapidjson::UTF8<>, Allocator = rapidjson::MemoryPoolAllocator<>]'
/usr/include/rapidjson/reader.h:785:14:   instantiated from 'void rapidjson::GenericReader<SourceEncoding, TargetEncoding, Allocator>::ParseValue(InputStream&, Handler&) [with unsigned int parseFlags = 0u, InputStream = rapidjson::GenericStringStream<rapidjson::UTF8<> >, Handler = rapidjson::GenericDocument<rapidjson::UTF8<> >, SourceEncoding = rapidjson::UTF8<>, TargetEncoding = rapidjson::UTF8<>, Allocator = rapidjson::MemoryPoolAllocator<>]'
/usr/include/rapidjson/reader.h:388:4:   instantiated from 'void rapidjson::GenericReader<SourceEncoding, TargetEncoding, Allocator>::ParseObject(InputStream&, Handler&) [with unsigned int parseFlags = 0u, InputStream = rapidjson::GenericStringStream<rapidjson::UTF8<> >, Handler = rapidjson::GenericDocument<rapidjson::UTF8<> >, SourceEncoding = rapidjson::UTF8<>, TargetEncoding = rapidjson::UTF8<>, Allocator = rapidjson::MemoryPoolAllocator<>]'
/usr/include/rapidjson/reader.h:301:15:   instantiated from 'rapidjson::ParseResult rapidjson::GenericReader<SourceEncoding, TargetEncoding, Allocator>::Parse(InputStream&, Handler&) [with unsigned int parseFlags = 0u, InputStream = rapidjson::GenericStringStream<rapidjson::UTF8<> >, Handler = rapidjson::GenericDocument<rapidjson::UTF8<> >, SourceEncoding = rapidjson::UTF8<>, TargetEncoding = rapidjson::UTF8<>, Allocator = rapidjson::MemoryPoolAllocator<>]'
/usr/include/rapidjson/document.h:1231:3:   instantiated from 'rapidjson::GenericDocument<Encoding, Allocator>& rapidjson::GenericDocument<Encoding, Allocator>::ParseStream(InputStream&) [with unsigned int parseFlags = 0u, SourceEncoding = rapidjson::UTF8<>, InputStream = rapidjson::GenericStringStream<rapidjson::UTF8<> >, Encoding = rapidjson::UTF8<>, Allocator = rapidjson::MemoryPoolAllocator<>, rapidjson::GenericDocument<Encoding, Allocator> = rapidjson::GenericDocument<rapidjson::UTF8<> >]'
/usr/include/rapidjson/document.h:1307:51:   instantiated from 'rapidjson::GenericDocument<Encoding, Allocator>& rapidjson::GenericDocument<Encoding, Allocator>::Parse(const Ch*) [with unsigned int parseFlags = 0u, SourceEncoding = rapidjson::UTF8<>, Encoding = rapidjson::UTF8<>, Allocator = rapidjson::MemoryPoolAllocator<>, rapidjson::GenericDocument<Encoding, Allocator> = rapidjson::GenericDocument<rapidjson::UTF8<> >, rapidjson::GenericDocument<Encoding, Allocator>::Ch = char]'
/usr/include/rapidjson/document.h:1316:41:   instantiated from 'rapidjson::GenericDocument<Encoding, Allocator>& rapidjson::GenericDocument<Encoding, Allocator>::Parse(const Ch*) [with unsigned int parseFlags = 0u, Encoding = rapidjson::UTF8<>, Allocator = rapidjson::MemoryPoolAllocator<>, rapidjson::GenericDocument<Encoding, Allocator> = rapidjson::GenericDocument<rapidjson::UTF8<> >, rapidjson::GenericDocument<Encoding, Allocator>::Ch = char]'
C:\Users\humphrtl\embedjson\embedjson.ecl:13:68:   instantiated from here
/usr/include/rapidjson/document.h:418:4: error: 'UINT64_C' was not declared in this scope
/usr/include/rapidjson/document.h:420:4: error: 'UINT64_C' was not declared in this scope
/usr/include/rapidjson/document.h:423:8: error: 'INT64_C' was not declared in this scope
/usr/include/rapidjson/document.h: In constructor 'rapidjson::GenericValue<Encoding, Allocator>::GenericValue(uint64_t) [with Encoding = rapidjson::UTF8<>, Allocator = rapidjson::MemoryPoolAllocator<>, uint64_t = long unsigned int]':
/usr/include/rapidjson/document.h:1368:28:   instantiated from 'bool rapidjson::GenericDocument<Encoding, Allocator>::Uint64(uint64_t) [with Encoding = rapidjson::UTF8<>, Allocator = rapidjson::MemoryPoolAllocator<>, uint64_t = long unsigned int]'
/usr/include/rapidjson/reader.h:762:6:   instantiated from 'void rapidjson::GenericReader<SourceEncoding, TargetEncoding, Allocator>::ParseNumber(InputStream&, Handler&) [with unsigned int parseFlags = 0u, InputStream = rapidjson::GenericStringStream<rapidjson::UTF8<> >, Handler = rapidjson::GenericDocument<rapidjson::UTF8<> >, SourceEncoding = rapidjson::UTF8<>, TargetEncoding = rapidjson::UTF8<>, Allocator = rapidjson::MemoryPoolAllocator<>]'
/usr/include/rapidjson/reader.h:785:14:   instantiated from 'void rapidjson::GenericReader<SourceEncoding, TargetEncoding, Allocator>::ParseValue(InputStream&, Handler&) [with unsigned int parseFlags = 0u, InputStream = rapidjson::GenericStringStream<rapidjson::UTF8<> >, Handler = rapidjson::GenericDocument<rapidjson::UTF8<> >, SourceEncoding = rapidjson::UTF8<>, TargetEncoding = rapidjson::UTF8<>, Allocator = rapidjson::MemoryPoolAllocator<>]'
/usr/include/rapidjson/reader.h:388:4:   instantiated from 'void rapidjson::GenericReader<SourceEncoding, TargetEncoding, Allocator>::ParseObject(InputStream&, Handler&) [with unsigned int parseFlags = 0u, InputStream = rapidjson::GenericStringStream<rapidjson::UTF8<> >, Handler = rapidjson::GenericDocument<rapidjson::UTF8<> >, SourceEncoding = rapidjson::UTF8<>, TargetEncoding = rapidjson::UTF8<>, Allocator = rapidjson::MemoryPoolAllocator<>]'
/usr/include/rapidjson/reader.h:301:15:   instantiated from 'rapidjson::ParseResult rapidjson::GenericReader<SourceEncoding, TargetEncoding, Allocator>::Parse(InputStream&, Handler&) [with unsigned int parseFlags = 0u, InputStream = rapidjson::GenericStringStream<rapidjson::UTF8<> >, Handler = rapidjson::GenericDocument<rapidjson::UTF8<> >, SourceEncoding = rapidjson::UTF8<>, TargetEncoding = rapidjson::UTF8<>, Allocator = rapidjson::MemoryPoolAllocator<>]'
/usr/include/rapidjson/document.h:1231:3:   instantiated from 'rapidjson::GenericDocument<Encoding, Allocator>& rapidjson::GenericDocument<Encoding, Allocator>::ParseStream(InputStream&) [with unsigned int parseFlags = 0u, SourceEncoding = rapidjson::UTF8<>, InputStream = rapidjson::GenericStringStream<rapidjson::UTF8<> >, Encoding = rapidjson::UTF8<>, Allocator = rapidjson::MemoryPoolAllocator<>, rapidjson::GenericDocument<Encoding, Allocator> = rapidjson::GenericDocument<rapidjson::UTF8<> >]'
/usr/include/rapidjson/document.h:1307:51:   instantiated from 'rapidjson::GenericDocument<Encoding, Allocator>& rapidjson::GenericDocument<Encoding, Allocator>::Parse(const Ch*) [with unsigned int parseFlags = 0u, SourceEncoding = rapidjson::UTF8<>, Encoding = rapidjson::UTF8<>, Allocator = rapidjson::MemoryPoolAllocator<>, rapidjson::GenericDocument<Encoding, Allocator> = rapidjson::GenericDocument<rapidjson::UTF8<> >, rapidjson::GenericDocument<Encoding, Allocator>::Ch = char]'
/usr/include/rapidjson/document.h:1316:41:   instantiated from 'rapidjson::GenericDocument<Encoding, Allocator>& rapidjson::GenericDocument<Encoding, Allocator>::Parse(const Ch*) [with unsigned int parseFlags = 0u, Encoding = rapidjson::UTF8<>, Allocator = rapidjson::MemoryPoolAllocator<>, rapidjson::GenericDocument<Encoding, Allocator> = rapidjson::GenericDocument<rapidjson::UTF8<> >, rapidjson::GenericDocument<Encoding, Allocator>::Ch = char]'
C:\Users\humphrtl\embedjson\embedjson.ecl:13:68:   instantiated from here
/usr/include/rapidjson/document.h:430:3: error: 'UINT64_C' was not declared in this scope
/usr/include/rapidjson/document.h:432:3: error: 'UINT64_C' was not declared in this scope
/usr/include/rapidjson/document.h:434:3: error: 'UINT64_C' was not declared in this scope
g++: error: W20140717-190031_1.o: No such file or directory

--------- end compiler output -----------
